127.0.0.1 - - [09/Mar/2015:03:43:49 +0000] "GET /p/users/queryAll HTTP/1.1" 200 66 "-" "Mozilla/5.0 (Windows NT 6.1; WOW64) AppleWebKit/537.36 (KHTML, like Gecko) Chrome/40.0.2214.115 Safari/537.36"
127.0.0.1 - - [09/Mar/2015:03:47:52 +0000] "GET /p/users/queryAll HTTP/1.1" 200 66 "-" "Mozilla/5.0 (Windows NT 6.1; WOW64) AppleWebKit/537.36 (KHTML, like Gecko) Chrome/40.0.2214.115 Safari/537.36"
127.0.0.1 - - [09/Mar/2015:13:30:55 +0000] "GET /p/users/ HTTP/1.1" 304 - "-" "Mozilla/5.0 (Windows NT 6.1; WOW64) AppleWebKit/537.36 (KHTML, like Gecko) Chrome/40.0.2214.115 Safari/537.36"
127.0.0.1 - - [09/Mar/2015:13:31:35 +0000] "POST /p/users/updateUser HTTP/1.1" 200 415 "http://localhost:3000/p/users/" "Mozilla/5.0 (Windows NT 6.1; WOW64) AppleWebKit/537.36 (KHTML, like Gecko) Chrome/40.0.2214.115 Safari/537.36"
127.0.0.1 - - [09/Mar/2015:13:31:44 +0000] "GET /p/users/ HTTP/1.1" 304 - "-" "Mozilla/5.0 (Windows NT 6.1; WOW64) AppleWebKit/537.36 (KHTML, like Gecko) Chrome/40.0.2214.115 Safari/537.36"
::1 - - [26/Dec/2015:11:21:54 +0000] "GET /users/addUser?name=xyz&age=18 HTTP/1.1" 404 1427 "-" "Mozilla/5.0 (Macintosh; Intel Mac OS X 10_11_2) AppleWebKit/537.36 (KHTML, like Gecko) Chrome/47.0.2526.106 Safari/537.36"
::1 - - [26/Dec/2015:11:23:19 +0000] "GET /users HTTP/1.1" 404 1427 "-" "Mozilla/5.0 (Macintosh; Intel Mac OS X 10_11_2) AppleWebKit/537.36 (KHTML, like Gecko) Chrome/47.0.2526.106 Safari/537.36"
::1 - - [26/Dec/2015:11:23:21 +0000] "GET / HTTP/1.1" 200 170 "-" "Mozilla/5.0 (Macintosh; Intel Mac OS X 10_11_2) AppleWebKit/537.36 (KHTML, like Gecko) Chrome/47.0.2526.106 Safari/537.36"
::1 - - [26/Dec/2015:11:23:36 +0000] "GET /users/addUser?name=xyz&age=18 HTTP/1.1" 404 1427 "-" "Mozilla/5.0 (Macintosh; Intel Mac OS X 10_11_2) AppleWebKit/537.36 (KHTML, like Gecko) Chrome/47.0.2526.106 Safari/537.36"
::1 - - [26/Dec/2015:11:26:21 +0000] "GET /index HTTP/1.1" 404 1427 "-" "Mozilla/5.0 (Macintosh; Intel Mac OS X 10_11_2) AppleWebKit/537.36 (KHTML, like Gecko) Chrome/47.0.2526.106 Safari/537.36"
::1 - - [26/Dec/2015:11:26:29 +0000] "GET /error HTTP/1.1" 404 1427 "-" "Mozilla/5.0 (Macintosh; Intel Mac OS X 10_11_2) AppleWebKit/537.36 (KHTML, like Gecko) Chrome/47.0.2526.106 Safari/537.36"
::1 - - [26/Dec/2015:11:27:02 +0000] "GET /p/users HTTP/1.1" 200 524 "-" "Mozilla/5.0 (Macintosh; Intel Mac OS X 10_11_2) AppleWebKit/537.36 (KHTML, like Gecko) Chrome/47.0.2526.106 Safari/537.36"
::1 - - [26/Dec/2015:11:27:11 +0000] "POST /p/users/updateUser HTTP/1.1" 200 415 "http://localhost:3000/p/users" "Mozilla/5.0 (Macintosh; Intel Mac OS X 10_11_2) AppleWebKit/537.36 (KHTML, like Gecko) Chrome/47.0.2526.106 Safari/537.36"
::1 - - [26/Dec/2015:11:28:30 +0000] "POST /p/users/updateUser HTTP/1.1" 200 415 "http://localhost:3000/p/users" "Mozilla/5.0 (Macintosh; Intel Mac OS X 10_11_2) AppleWebKit/537.36 (KHTML, like Gecko) Chrome/47.0.2526.106 Safari/537.36"
::1 - - [26/Dec/2015:11:28:55 +0000] "POST /p/users/updateUser HTTP/1.1" 200 415 "http://localhost:3000/p/users" "Mozilla/5.0 (Macintosh; Intel Mac OS X 10_11_2) AppleWebKit/537.36 (KHTML, like Gecko) Chrome/47.0.2526.106 Safari/537.36"
::1 - - [26/Dec/2015:11:30:27 +0000] "GET /p/users HTTP/1.1" 304 - "-" "Mozilla/5.0 (Macintosh; Intel Mac OS X 10_11_2) AppleWebKit/537.36 (KHTML, like Gecko) Chrome/47.0.2526.106 Safari/537.36"
::1 - - [26/Dec/2015:11:30:37 +0000] "POST /p/users/updateUser HTTP/1.1" 200 415 "http://localhost:3000/p/users" "Mozilla/5.0 (Macintosh; Intel Mac OS X 10_11_2) AppleWebKit/537.36 (KHTML, like Gecko) Chrome/47.0.2526.106 Safari/537.36"
::1 - - [26/Dec/2015:11:31:22 +0000] "POST /p/users/updateUser HTTP/1.1" 200 415 "http://localhost:3000/p/users" "Mozilla/5.0 (Macintosh; Intel Mac OS X 10_11_2) AppleWebKit/537.36 (KHTML, like Gecko) Chrome/47.0.2526.106 Safari/537.36"
::1 - - [26/Dec/2015:11:46:30 +0000] "GET /addRecord?record=100&username=abc HTTP/1.1" 404 1427 "-" "Mozilla/5.0 (Macintosh; Intel Mac OS X 10_11_2) AppleWebKit/537.36 (KHTML, like Gecko) Chrome/47.0.2526.106 Safari/537.36"
::1 - - [26/Dec/2015:11:48:12 +0000] "GET /records/addRecord?record=100&username=abc HTTP/1.1" 404 1427 "-" "Mozilla/5.0 (Macintosh; Intel Mac OS X 10_11_2) AppleWebKit/537.36 (KHTML, like Gecko) Chrome/47.0.2526.106 Safari/537.36"
::1 - - [26/Dec/2015:11:48:14 +0000] "GET /records/addRecord?record=100&username=abc HTTP/1.1" 404 1427 "-" "Mozilla/5.0 (Macintosh; Intel Mac OS X 10_11_2) AppleWebKit/537.36 (KHTML, like Gecko) Chrome/47.0.2526.106 Safari/537.36"
::1 - - [26/Dec/2015:11:48:15 +0000] "GET /records/addRecord?record=100&username=abc HTTP/1.1" 404 1427 "-" "Mozilla/5.0 (Macintosh; Intel Mac OS X 10_11_2) AppleWebKit/537.36 (KHTML, like Gecko) Chrome/47.0.2526.106 Safari/537.36"
::1 - - [26/Dec/2015:11:48:37 +0000] "GET /users/addUser?name=xyz&age=18 HTTP/1.1" 404 1427 "-" "Mozilla/5.0 (Macintosh; Intel Mac OS X 10_11_2) AppleWebKit/537.36 (KHTML, like Gecko) Chrome/47.0.2526.106 Safari/537.36"
::1 - - [26/Dec/2015:11:48:54 +0000] "GET /records/addRecord?record=100&username=abc HTTP/1.1" 404 1427 "-" "Mozilla/5.0 (Macintosh; Intel Mac OS X 10_11_2) AppleWebKit/537.36 (KHTML, like Gecko) Chrome/47.0.2526.106 Safari/537.36"
::1 - - [26/Dec/2015:11:52:49 +0000] "GET /records/addRecord?record=100&username=abc HTTP/1.1" 404 1427 "-" "Mozilla/5.0 (Macintosh; Intel Mac OS X 10_11_2) AppleWebKit/537.36 (KHTML, like Gecko) Chrome/47.0.2526.106 Safari/537.36"
::1 - - [26/Dec/2015:11:52:49 +0000] "GET /records/addRecord?record=100&username=abc HTTP/1.1" 404 1427 "-" "Mozilla/5.0 (Macintosh; Intel Mac OS X 10_11_2) AppleWebKit/537.36 (KHTML, like Gecko) Chrome/47.0.2526.106 Safari/537.36"
::1 - - [26/Dec/2015:11:53:23 +0000] "GET /p/users/updateUser?id=0&name=aaa&age=1 HTTP/1.1" 404 1427 "-" "Mozilla/5.0 (Macintosh; Intel Mac OS X 10_11_2) AppleWebKit/537.36 (KHTML, like Gecko) Chrome/47.0.2526.106 Safari/537.36"
::1 - - [26/Dec/2015:11:53:25 +0000] "GET /p/users/updateUser?id=0&name=aaa&age=1 HTTP/1.1" 404 1427 "-" "Mozilla/5.0 (Macintosh; Intel Mac OS X 10_11_2) AppleWebKit/537.36 (KHTML, like Gecko) Chrome/47.0.2526.106 Safari/537.36"
::1 - - [26/Dec/2015:11:53:33 +0000] "GET /p/users/ HTTP/1.1" 200 524 "-" "Mozilla/5.0 (Macintosh; Intel Mac OS X 10_11_2) AppleWebKit/537.36 (KHTML, like Gecko) Chrome/47.0.2526.106 Safari/537.36"
::1 - - [26/Dec/2015:11:54:09 +0000] "POST /p/users/updateUser HTTP/1.1" 200 415 "http://localhost:3000/p/users/" "Mozilla/5.0 (Macintosh; Intel Mac OS X 10_11_2) AppleWebKit/537.36 (KHTML, like Gecko) Chrome/47.0.2526.106 Safari/537.36"
::1 - - [26/Dec/2015:11:55:34 +0000] "GET //updateUser HTTP/1.1" 404 1427 "-" "Mozilla/5.0 (Macintosh; Intel Mac OS X 10_11_2) AppleWebKit/537.36 (KHTML, like Gecko) Chrome/47.0.2526.106 Safari/537.36"
::1 - - [26/Dec/2015:11:55:37 +0000] "GET /updateUser HTTP/1.1" 404 1427 "-" "Mozilla/5.0 (Macintosh; Intel Mac OS X 10_11_2) AppleWebKit/537.36 (KHTML, like Gecko) Chrome/47.0.2526.106 Safari/537.36"
::1 - - [26/Dec/2015:11:55:45 +0000] "GET /users HTTP/1.1" 404 1427 "-" "Mozilla/5.0 (Macintosh; Intel Mac OS X 10_11_2) AppleWebKit/537.36 (KHTML, like Gecko) Chrome/47.0.2526.106 Safari/537.36"
::1 - - [26/Dec/2015:11:56:52 +0000] "GET /users/addUser?name=xyz&age=18 HTTP/1.1" 404 1427 "-" "Mozilla/5.0 (Macintosh; Intel Mac OS X 10_11_2) AppleWebKit/537.36 (KHTML, like Gecko) Chrome/47.0.2526.106 Safari/537.36"
::1 - - [26/Dec/2015:11:57:38 +0000] "GET /users/addUser?name=xyz&age=18 HTTP/1.1" 404 1427 "-" "Mozilla/5.0 (Macintosh; Intel Mac OS X 10_11_2) AppleWebKit/537.36 (KHTML, like Gecko) Chrome/47.0.2526.106 Safari/537.36"
::1 - - [26/Dec/2015:11:57:38 +0000] "GET /users/addUser?name=xyz&age=18 HTTP/1.1" 404 1427 "-" "Mozilla/5.0 (Macintosh; Intel Mac OS X 10_11_2) AppleWebKit/537.36 (KHTML, like Gecko) Chrome/47.0.2526.106 Safari/537.36"
::1 - - [26/Dec/2015:11:57:38 +0000] "GET /users/addUser?name=xyz&age=18 HTTP/1.1" 404 1427 "-" "Mozilla/5.0 (Macintosh; Intel Mac OS X 10_11_2) AppleWebKit/537.36 (KHTML, like Gecko) Chrome/47.0.2526.106 Safari/537.36"
::1 - - [26/Dec/2015:11:57:39 +0000] "GET /users/addUser?name=xyz&age=18 HTTP/1.1" 404 1427 "-" "Mozilla/5.0 (Macintosh; Intel Mac OS X 10_11_2) AppleWebKit/537.36 (KHTML, like Gecko) Chrome/47.0.2526.106 Safari/537.36"
::1 - - [26/Dec/2015:11:57:39 +0000] "GET /users/addUser?name=xyz&age=18 HTTP/1.1" 404 1427 "-" "Mozilla/5.0 (Macintosh; Intel Mac OS X 10_11_2) AppleWebKit/537.36 (KHTML, like Gecko) Chrome/47.0.2526.106 Safari/537.36"
::1 - - [26/Dec/2015:11:59:39 +0000] "GET /users/p/users HTTP/1.1" 404 1427 "-" "Mozilla/5.0 (Macintosh; Intel Mac OS X 10_11_2) AppleWebKit/537.36 (KHTML, like Gecko) Chrome/47.0.2526.106 Safari/537.36"
::1 - - [26/Dec/2015:11:59:44 +0000] "GET /users/p/users HTTP/1.1" 404 1427 "-" "Mozilla/5.0 (Macintosh; Intel Mac OS X 10_11_2) AppleWebKit/537.36 (KHTML, like Gecko) Chrome/47.0.2526.106 Safari/537.36"
::1 - - [26/Dec/2015:11:59:45 +0000] "GET /users/p/users HTTP/1.1" 404 1427 "-" "Mozilla/5.0 (Macintosh; Intel Mac OS X 10_11_2) AppleWebKit/537.36 (KHTML, like Gecko) Chrome/47.0.2526.106 Safari/537.36"
::1 - - [26/Dec/2015:11:59:45 +0000] "GET /users/p/users HTTP/1.1" 404 1427 "-" "Mozilla/5.0 (Macintosh; Intel Mac OS X 10_11_2) AppleWebKit/537.36 (KHTML, like Gecko) Chrome/47.0.2526.106 Safari/537.36"
::1 - - [26/Dec/2015:11:59:46 +0000] "GET /users/p/users HTTP/1.1" 404 1427 "-" "Mozilla/5.0 (Macintosh; Intel Mac OS X 10_11_2) AppleWebKit/537.36 (KHTML, like Gecko) Chrome/47.0.2526.106 Safari/537.36"
::1 - - [26/Dec/2015:11:59:57 +0000] "GET /users/p/users HTTP/1.1" 404 1427 "-" "Mozilla/5.0 (Macintosh; Intel Mac OS X 10_11_2) AppleWebKit/537.36 (KHTML, like Gecko) Chrome/47.0.2526.106 Safari/537.36"
::1 - - [26/Dec/2015:12:00:03 +0000] "GET /users/p/users HTTP/1.1" 404 1427 "-" "Mozilla/5.0 (Macintosh; Intel Mac OS X 10_11_2) AppleWebKit/537.36 (KHTML, like Gecko) Chrome/47.0.2526.106 Safari/537.36"
::1 - - [26/Dec/2015:12:00:05 +0000] "GET /p/users HTTP/1.1" 404 1427 "-" "Mozilla/5.0 (Macintosh; Intel Mac OS X 10_11_2) AppleWebKit/537.36 (KHTML, like Gecko) Chrome/47.0.2526.106 Safari/537.36"
::1 - - [26/Dec/2015:12:00:19 +0000] "GET / HTTP/1.1" 304 - "-" "Mozilla/5.0 (Macintosh; Intel Mac OS X 10_11_2) AppleWebKit/537.36 (KHTML, like Gecko) Chrome/47.0.2526.106 Safari/537.36"
::1 - - [26/Dec/2015:12:01:00 +0000] "GET /users/addUser?name=xyz&age=18 HTTP/1.1" 404 1427 "-" "Mozilla/5.0 (Macintosh; Intel Mac OS X 10_11_2) AppleWebKit/537.36 (KHTML, like Gecko) Chrome/47.0.2526.106 Safari/537.36"
::1 - - [26/Dec/2015:12:01:04 +0000] "GET /user/addUser?name=xyz&age=18 HTTP/1.1" 404 1427 "-" "Mozilla/5.0 (Macintosh; Intel Mac OS X 10_11_2) AppleWebKit/537.36 (KHTML, like Gecko) Chrome/47.0.2526.106 Safari/537.36"
::1 - - [26/Dec/2015:12:01:14 +0000] "GET /p/users HTTP/1.1" 404 1427 "-" "Mozilla/5.0 (Macintosh; Intel Mac OS X 10_11_2) AppleWebKit/537.36 (KHTML, like Gecko) Chrome/47.0.2526.106 Safari/537.36"
::1 - - [26/Dec/2015:12:01:29 +0000] "GET /p/users/updateUser HTTP/1.1" 404 1427 "-" "Mozilla/5.0 (Macintosh; Intel Mac OS X 10_11_2) AppleWebKit/537.36 (KHTML, like Gecko) Chrome/47.0.2526.106 Safari/537.36"
::1 - - [26/Dec/2015:12:02:30 +0000] "GET /p/users/updateUser HTTP/1.1" 404 1427 "-" "Mozilla/5.0 (Macintosh; Intel Mac OS X 10_11_2) AppleWebKit/537.36 (KHTML, like Gecko) Chrome/47.0.2526.106 Safari/537.36"
::1 - - [26/Dec/2015:12:02:30 +0000] "GET /p/users/updateUser HTTP/1.1" 404 1427 "-" "Mozilla/5.0 (Macintosh; Intel Mac OS X 10_11_2) AppleWebKit/537.36 (KHTML, like Gecko) Chrome/47.0.2526.106 Safari/537.36"
::1 - - [26/Dec/2015:12:02:31 +0000] "GET /p/users/updateUser HTTP/1.1" 404 1427 "-" "Mozilla/5.0 (Macintosh; Intel Mac OS X 10_11_2) AppleWebKit/537.36 (KHTML, like Gecko) Chrome/47.0.2526.106 Safari/537.36"
::1 - - [26/Dec/2015:12:02:31 +0000] "GET /p/users/updateUser HTTP/1.1" 404 1427 "-" "Mozilla/5.0 (Macintosh; Intel Mac OS X 10_11_2) AppleWebKit/537.36 (KHTML, like Gecko) Chrome/47.0.2526.106 Safari/537.36"
::1 - - [26/Dec/2015:12:02:33 +0000] "GET /p/users HTTP/1.1" 404 1427 "-" "Mozilla/5.0 (Macintosh; Intel Mac OS X 10_11_2) AppleWebKit/537.36 (KHTML, like Gecko) Chrome/47.0.2526.106 Safari/537.36"
::1 - - [26/Dec/2015:12:02:37 +0000] "GET /users/addUser?name=xyz&age=18 HTTP/1.1" 404 1427 "-" "Mozilla/5.0 (Macintosh; Intel Mac OS X 10_11_2) AppleWebKit/537.36 (KHTML, like Gecko) Chrome/47.0.2526.106 Safari/537.36"
::1 - - [26/Dec/2015:12:03:41 +0000] "GET / HTTP/1.1" 304 - "-" "Mozilla/5.0 (Macintosh; Intel Mac OS X 10_11_2) AppleWebKit/537.36 (KHTML, like Gecko) Chrome/47.0.2526.106 Safari/537.36"
::1 - - [26/Dec/2015:12:03:49 +0000] "GET /p/users HTTP/1.1" 404 1427 "-" "Mozilla/5.0 (Macintosh; Intel Mac OS X 10_11_2) AppleWebKit/537.36 (KHTML, like Gecko) Chrome/47.0.2526.106 Safari/537.36"
::1 - - [26/Dec/2015:12:05:18 +0000] "GET /p/users HTTP/1.1" 200 524 "-" "Mozilla/5.0 (Macintosh; Intel Mac OS X 10_11_2) AppleWebKit/537.36 (KHTML, like Gecko) Chrome/47.0.2526.106 Safari/537.36"
::1 - - [26/Dec/2015:12:12:34 +0000] "GET /records HTTP/1.1" 500 1755 "-" "Mozilla/5.0 (Macintosh; Intel Mac OS X 10_11_2) AppleWebKit/537.36 (KHTML, like Gecko) Chrome/47.0.2526.106 Safari/537.36"
::1 - - [26/Dec/2015:12:12:57 +0000] "GET /records/addRecord HTTP/1.1" 200 33 "-" "Mozilla/5.0 (Macintosh; Intel Mac OS X 10_11_2) AppleWebKit/537.36 (KHTML, like Gecko) Chrome/47.0.2526.106 Safari/537.36"
::1 - - [26/Dec/2015:12:13:26 +0000] "GET /records/addRecord?record=111&username=abc HTTP/1.1" 200 33 "-" "Mozilla/5.0 (Macintosh; Intel Mac OS X 10_11_2) AppleWebKit/537.36 (KHTML, like Gecko) Chrome/47.0.2526.106 Safari/537.36"
::1 - - [26/Dec/2015:12:13:49 +0000] "GET /p/users HTTP/1.1" 304 - "-" "Mozilla/5.0 (Macintosh; Intel Mac OS X 10_11_2) AppleWebKit/537.36 (KHTML, like Gecko) Chrome/47.0.2526.106 Safari/537.36"
::1 - - [26/Dec/2015:12:14:19 +0000] "GET /users/addUser?name=xyz&age=18 HTTP/1.1" 404 1427 "-" "Mozilla/5.0 (Macintosh; Intel Mac OS X 10_11_2) AppleWebKit/537.36 (KHTML, like Gecko) Chrome/47.0.2526.106 Safari/537.36"
::1 - - [26/Dec/2015:12:14:25 +0000] "GET /users/addUser HTTP/1.1" 404 1427 "-" "Mozilla/5.0 (Macintosh; Intel Mac OS X 10_11_2) AppleWebKit/537.36 (KHTML, like Gecko) Chrome/47.0.2526.106 Safari/537.36"
::1 - - [26/Dec/2015:12:14:45 +0000] "GET /p/users/addUser HTTP/1.1" 200 33 "-" "Mozilla/5.0 (Macintosh; Intel Mac OS X 10_11_2) AppleWebKit/537.36 (KHTML, like Gecko) Chrome/47.0.2526.106 Safari/537.36"
::1 - - [26/Dec/2015:12:15:05 +0000] "GET /p/users/addUser HTTP/1.1" 404 1427 "-" "Mozilla/5.0 (Macintosh; Intel Mac OS X 10_11_2) AppleWebKit/537.36 (KHTML, like Gecko) Chrome/47.0.2526.106 Safari/537.36"
::1 - - [26/Dec/2015:12:15:08 +0000] "GET /users/addUser HTTP/1.1" 200 33 "-" "Mozilla/5.0 (Macintosh; Intel Mac OS X 10_11_2) AppleWebKit/537.36 (KHTML, like Gecko) Chrome/47.0.2526.106 Safari/537.36"
::1 - - [26/Dec/2015:12:16:27 +0000] "GET /records/addRecord?record=111&username=abc HTTP/1.1" 200 33 "-" "Mozilla/5.0 (Macintosh; Intel Mac OS X 10_11_2) AppleWebKit/537.36 (KHTML, like Gecko) Chrome/47.0.2526.106 Safari/537.36"
::1 - - [26/Dec/2015:12:16:30 +0000] "GET /records/addRecord?record=222&username=abc HTTP/1.1" 200 33 "-" "Mozilla/5.0 (Macintosh; Intel Mac OS X 10_11_2) AppleWebKit/537.36 (KHTML, like Gecko) Chrome/47.0.2526.106 Safari/537.36"
::1 - - [26/Dec/2015:12:17:20 +0000] "GET /records/addRecord?record=222&username=abc HTTP/1.1" 200 33 "-" "Mozilla/5.0 (Macintosh; Intel Mac OS X 10_11_2) AppleWebKit/537.36 (KHTML, like Gecko) Chrome/47.0.2526.106 Safari/537.36"
::1 - - [26/Dec/2015:12:25:00 +0000] "GET /records/addRecord?record=222&username=abc HTTP/1.1" 200 33 "-" "Mozilla/5.0 (Macintosh; Intel Mac OS X 10_11_2) AppleWebKit/537.36 (KHTML, like Gecko) Chrome/47.0.2526.106 Safari/537.36"
::1 - - [26/Dec/2015:12:25:11 +0000] "GET /records/addRecord?record=333&username=abc HTTP/1.1" 200 33 "-" "Mozilla/5.0 (Macintosh; Intel Mac OS X 10_11_2) AppleWebKit/537.36 (KHTML, like Gecko) Chrome/47.0.2526.106 Safari/537.36"
::1 - - [26/Dec/2015:12:26:23 +0000] "GET /records/addRecord?record=333&username=abc HTTP/1.1" 200 33 "-" "Mozilla/5.0 (Macintosh; Intel Mac OS X 10_11_2) AppleWebKit/537.36 (KHTML, like Gecko) Chrome/47.0.2526.106 Safari/537.36"
::1 - - [26/Dec/2015:12:26:28 +0000] "GET /records/addRecord?record=32&username=abc HTTP/1.1" 200 33 "-" "Mozilla/5.0 (Macintosh; Intel Mac OS X 10_11_2) AppleWebKit/537.36 (KHTML, like Gecko) Chrome/47.0.2526.106 Safari/537.36"
::1 - - [26/Dec/2015:12:27:40 +0000] "GET /records/addRecord?record=32&username=abc HTTP/1.1" 304 - "-" "Mozilla/5.0 (Macintosh; Intel Mac OS X 10_11_2) AppleWebKit/537.36 (KHTML, like Gecko) Chrome/47.0.2526.106 Safari/537.36"
::1 - - [26/Dec/2015:12:49:48 +0000] "GET /records/addRecord?record=32&username=abc HTTP/1.1" 304 - "-" "Mozilla/5.0 (Macintosh; Intel Mac OS X 10_11_2) AppleWebKit/537.36 (KHTML, like Gecko) Chrome/47.0.2526.106 Safari/537.36"
::1 - - [26/Dec/2015:12:50:22 +0000] "GET /records/addRecord?record=32&username=abc HTTP/1.1" 304 - "-" "Mozilla/5.0 (Macintosh; Intel Mac OS X 10_11_2) AppleWebKit/537.36 (KHTML, like Gecko) Chrome/47.0.2526.106 Safari/537.36"
::1 - - [26/Dec/2015:13:03:24 +0000] "GET /index.html HTTP/1.1" 404 1387 "-" "Mozilla/5.0 (Macintosh; Intel Mac OS X 10_11_2) AppleWebKit/537.36 (KHTML, like Gecko) Chrome/47.0.2526.106 Safari/537.36"
::1 - - [26/Dec/2015:13:15:56 +0000] "GET / HTTP/1.1" 200 1391 "-" "Mozilla/5.0 (Macintosh; Intel Mac OS X 10_11_2) AppleWebKit/537.36 (KHTML, like Gecko) Chrome/47.0.2526.106 Safari/537.36"
::1 - - [26/Dec/2015:13:15:56 +0000] "GET /public/stylesheets/bootstrap.min.css HTTP/1.1" 500 1516 "http://localhost:3000/" "Mozilla/5.0 (Macintosh; Intel Mac OS X 10_11_2) AppleWebKit/537.36 (KHTML, like Gecko) Chrome/47.0.2526.106 Safari/537.36"
::1 - - [26/Dec/2015:13:15:56 +0000] "GET /public/javascripts/jquery-1.11.3.min.js HTTP/1.1" 500 1516 "http://localhost:3000/" "Mozilla/5.0 (Macintosh; Intel Mac OS X 10_11_2) AppleWebKit/537.36 (KHTML, like Gecko) Chrome/47.0.2526.106 Safari/537.36"
::1 - - [26/Dec/2015:13:15:56 +0000] "GET /public/javascripts/bootstrap.min.js HTTP/1.1" 500 1516 "http://localhost:3000/" "Mozilla/5.0 (Macintosh; Intel Mac OS X 10_11_2) AppleWebKit/537.36 (KHTML, like Gecko) Chrome/47.0.2526.106 Safari/537.36"
::1 - - [26/Dec/2015:13:16:06 +0000] "GET /records/addRecord?username=aaa&record=234 HTTP/1.1" 200 33 "http://localhost:3000/" "Mozilla/5.0 (Macintosh; Intel Mac OS X 10_11_2) AppleWebKit/537.36 (KHTML, like Gecko) Chrome/47.0.2526.106 Safari/537.36"
::1 - - [26/Dec/2015:13:18:16 +0000] "GET / HTTP/1.1" 304 - "-" "Mozilla/5.0 (Macintosh; Intel Mac OS X 10_11_2) AppleWebKit/537.36 (KHTML, like Gecko) Chrome/47.0.2526.106 Safari/537.36"
::1 - - [26/Dec/2015:13:18:16 +0000] "GET /public/stylesheets/bootstrap.min.css HTTP/1.1" 500 1516 "http://localhost:3000/" "Mozilla/5.0 (Macintosh; Intel Mac OS X 10_11_2) AppleWebKit/537.36 (KHTML, like Gecko) Chrome/47.0.2526.106 Safari/537.36"
::1 - - [26/Dec/2015:13:18:16 +0000] "GET /public/javascripts/jquery-1.11.3.min.js HTTP/1.1" 500 1516 "http://localhost:3000/" "Mozilla/5.0 (Macintosh; Intel Mac OS X 10_11_2) AppleWebKit/537.36 (KHTML, like Gecko) Chrome/47.0.2526.106 Safari/537.36"
::1 - - [26/Dec/2015:13:18:16 +0000] "GET /public/javascripts/bootstrap.min.js HTTP/1.1" 500 1516 "http://localhost:3000/" "Mozilla/5.0 (Macintosh; Intel Mac OS X 10_11_2) AppleWebKit/537.36 (KHTML, like Gecko) Chrome/47.0.2526.106 Safari/537.36"
::1 - - [26/Dec/2015:13:18:19 +0000] "GET /public/stylesheets/bootstrap.min.css HTTP/1.1" 500 1516 "http://localhost:3000/" "Mozilla/5.0 (Macintosh; Intel Mac OS X 10_11_2) AppleWebKit/537.36 (KHTML, like Gecko) Chrome/47.0.2526.106 Safari/537.36"
::1 - - [26/Dec/2015:13:23:09 +0000] "GET / HTTP/1.1" 200 1338 "-" "Mozilla/5.0 (Macintosh; Intel Mac OS X 10_11_2) AppleWebKit/537.36 (KHTML, like Gecko) Chrome/47.0.2526.106 Safari/537.36"
::1 - - [26/Dec/2015:13:23:17 +0000] "GET /records/addRecord?username=aaaa&record=1243 HTTP/1.1" 200 33 "http://localhost:3000/" "Mozilla/5.0 (Macintosh; Intel Mac OS X 10_11_2) AppleWebKit/537.36 (KHTML, like Gecko) Chrome/47.0.2526.106 Safari/537.36"
::1 - - [26/Dec/2015:13:24:14 +0000] "GET /records/addRecord?username=aaaa&record=1243 HTTP/1.1" 304 - "http://localhost:3000/" "Mozilla/5.0 (Macintosh; Intel Mac OS X 10_11_2) AppleWebKit/537.36 (KHTML, like Gecko) Chrome/47.0.2526.106 Safari/537.36"
::1 - - [26/Dec/2015:13:24:20 +0000] "GET / HTTP/1.1" 304 - "-" "Mozilla/5.0 (Macintosh; Intel Mac OS X 10_11_2) AppleWebKit/537.36 (KHTML, like Gecko) Chrome/47.0.2526.106 Safari/537.36"
::1 - - [27/Dec/2015:06:23:45 +0000] "GET / HTTP/1.1" 304 - "-" "Mozilla/5.0 (Macintosh; Intel Mac OS X 10_11_2) AppleWebKit/537.36 (KHTML, like Gecko) Chrome/47.0.2526.106 Safari/537.36"
::1 - - [27/Dec/2015:06:25:01 +0000] "GET / HTTP/1.1" 304 - "-" "Mozilla/5.0 (Macintosh; Intel Mac OS X 10_11_2) AppleWebKit/537.36 (KHTML, like Gecko) Chrome/47.0.2526.106 Safari/537.36"
::1 - - [27/Dec/2015:06:32:59 +0000] "GET / HTTP/1.1" 200 4016 "-" "Mozilla/5.0 (Macintosh; Intel Mac OS X 10_11_2) AppleWebKit/537.36 (KHTML, like Gecko) Chrome/47.0.2526.106 Safari/537.36"
::1 - - [27/Dec/2015:06:33:13 +0000] "GET / HTTP/1.1" 304 - "-" "Mozilla/5.0 (Macintosh; Intel Mac OS X 10_11_2) AppleWebKit/537.36 (KHTML, like Gecko) Chrome/47.0.2526.106 Safari/537.36"
::1 - - [27/Dec/2015:06:33:34 +0000] "GET / HTTP/1.1" 304 - "-" "Mozilla/5.0 (Macintosh; Intel Mac OS X 10_11_2) AppleWebKit/537.36 (KHTML, like Gecko) Chrome/47.0.2526.106 Safari/537.36"
::1 - - [27/Dec/2015:06:47:57 +0000] "GET / HTTP/1.1" 200 4402 "-" "Mozilla/5.0 (Macintosh; Intel Mac OS X 10_11_2) AppleWebKit/537.36 (KHTML, like Gecko) Chrome/47.0.2526.106 Safari/537.36"
::1 - - [27/Dec/2015:06:58:06 +0000] "GET / HTTP/1.1" 200 5476 "-" "Mozilla/5.0 (Macintosh; Intel Mac OS X 10_11_2) AppleWebKit/537.36 (KHTML, like Gecko) Chrome/47.0.2526.106 Safari/537.36"
::1 - - [27/Dec/2015:07:06:09 +0000] "GET / HTTP/1.1" 200 1521 "-" "Mozilla/5.0 (Macintosh; Intel Mac OS X 10_11_2) AppleWebKit/537.36 (KHTML, like Gecko) Chrome/47.0.2526.106 Safari/537.36"
::1 - - [27/Dec/2015:07:06:09 +0000] "GET /game.html HTTP/1.1" 500 1516 "http://localhost:3000/" "Mozilla/5.0 (Macintosh; Intel Mac OS X 10_11_2) AppleWebKit/537.36 (KHTML, like Gecko) Chrome/47.0.2526.106 Safari/537.36"
::1 - - [27/Dec/2015:07:06:58 +0000] "GET / HTTP/1.1" 200 1525 "-" "Mozilla/5.0 (Macintosh; Intel Mac OS X 10_11_2) AppleWebKit/537.36 (KHTML, like Gecko) Chrome/47.0.2526.106 Safari/537.36"
::1 - - [27/Dec/2015:07:06:58 +0000] "GET /view/game.html HTTP/1.1" 500 1516 "http://localhost:3000/" "Mozilla/5.0 (Macintosh; Intel Mac OS X 10_11_2) AppleWebKit/537.36 (KHTML, like Gecko) Chrome/47.0.2526.106 Safari/537.36"
::1 - - [27/Dec/2015:07:10:30 +0000] "GET / HTTP/1.1" 200 1528 "-" "Mozilla/5.0 (Macintosh; Intel Mac OS X 10_11_2) AppleWebKit/537.36 (KHTML, like Gecko) Chrome/47.0.2526.106 Safari/537.36"
::1 - - [27/Dec/2015:07:10:30 +0000] "GET /support/dist/quintus-all.js HTTP/1.1" 500 1516 "http://localhost:3000/support/game.html" "Mozilla/5.0 (Macintosh; Intel Mac OS X 10_11_2) AppleWebKit/537.36 (KHTML, like Gecko) Chrome/47.0.2526.106 Safari/537.36"
::1 - - [27/Dec/2015:07:11:05 +0000] "GET / HTTP/1.1" 304 - "-" "Mozilla/5.0 (Macintosh; Intel Mac OS X 10_11_2) AppleWebKit/537.36 (KHTML, like Gecko) Chrome/47.0.2526.106 Safari/537.36"
::1 - - [27/Dec/2015:07:11:05 +0000] "GET /support/data/sprites.json HTTP/1.1" 500 1516 "http://localhost:3000/support/game.html" "Mozilla/5.0 (Macintosh; Intel Mac OS X 10_11_2) AppleWebKit/537.36 (KHTML, like Gecko) Chrome/47.0.2526.106 Safari/537.36"
::1 - - [27/Dec/2015:07:11:05 +0000] "GET /support/data/level.json HTTP/1.1" 500 1516 "http://localhost:3000/support/game.html" "Mozilla/5.0 (Macintosh; Intel Mac OS X 10_11_2) AppleWebKit/537.36 (KHTML, like Gecko) Chrome/47.0.2526.106 Safari/537.36"
::1 - - [27/Dec/2015:07:11:05 +0000] "GET /support/images/sprites.png HTTP/1.1" 500 1516 "http://localhost:3000/support/game.html" "Mozilla/5.0 (Macintosh; Intel Mac OS X 10_11_2) AppleWebKit/537.36 (KHTML, like Gecko) Chrome/47.0.2526.106 Safari/537.36"
::1 - - [27/Dec/2015:07:11:05 +0000] "GET /support/images/tiles.png HTTP/1.1" 500 1516 "http://localhost:3000/support/game.html" "Mozilla/5.0 (Macintosh; Intel Mac OS X 10_11_2) AppleWebKit/537.36 (KHTML, like Gecko) Chrome/47.0.2526.106 Safari/537.36"
::1 - - [27/Dec/2015:07:16:13 +0000] "GET / HTTP/1.1" 200 5539 "-" "Mozilla/5.0 (Macintosh; Intel Mac OS X 10_11_2) AppleWebKit/537.36 (KHTML, like Gecko) Chrome/47.0.2526.106 Safari/537.36"
::1 - - [27/Dec/2015:07:16:13 +0000] "GET /support/data/sprites.json HTTP/1.1" 500 1516 "http://localhost:3000/support/game.html" "Mozilla/5.0 (Macintosh; Intel Mac OS X 10_11_2) AppleWebKit/537.36 (KHTML, like Gecko) Chrome/47.0.2526.106 Safari/537.36"
::1 - - [27/Dec/2015:07:16:13 +0000] "GET /support/data/level.json HTTP/1.1" 500 1516 "http://localhost:3000/support/game.html" "Mozilla/5.0 (Macintosh; Intel Mac OS X 10_11_2) AppleWebKit/537.36 (KHTML, like Gecko) Chrome/47.0.2526.106 Safari/537.36"
::1 - - [27/Dec/2015:07:16:13 +0000] "GET /support/images/sprites.png HTTP/1.1" 500 1516 "http://localhost:3000/support/game.html" "Mozilla/5.0 (Macintosh; Intel Mac OS X 10_11_2) AppleWebKit/537.36 (KHTML, like Gecko) Chrome/47.0.2526.106 Safari/537.36"
::1 - - [27/Dec/2015:07:16:13 +0000] "GET /support/images/tiles.png HTTP/1.1" 500 1516 "http://localhost:3000/support/game.html" "Mozilla/5.0 (Macintosh; Intel Mac OS X 10_11_2) AppleWebKit/537.36 (KHTML, like Gecko) Chrome/47.0.2526.106 Safari/537.36"
::1 - - [27/Dec/2015:07:16:23 +0000] "GET /support/images/tiles.png HTTP/1.1" 500 1516 "-" "Mozilla/5.0 (Macintosh; Intel Mac OS X 10_11_2) AppleWebKit/537.36 (KHTML, like Gecko) Chrome/47.0.2526.106 Safari/537.36"
::1 - - [27/Dec/2015:07:16:23 +0000] "GET /support/images/sprites.png HTTP/1.1" 500 1516 "-" "Mozilla/5.0 (Macintosh; Intel Mac OS X 10_11_2) AppleWebKit/537.36 (KHTML, like Gecko) Chrome/47.0.2526.106 Safari/537.36"
::1 - - [27/Dec/2015:07:18:16 +0000] "GET / HTTP/1.1" 304 - "-" "Mozilla/5.0 (Macintosh; Intel Mac OS X 10_11_2) AppleWebKit/537.36 (KHTML, like Gecko) Chrome/47.0.2526.106 Safari/537.36"
::1 - - [27/Dec/2015:07:18:16 +0000] "GET /support/data/sprites.json HTTP/1.1" 500 1516 "http://localhost:3000/support/game.html" "Mozilla/5.0 (Macintosh; Intel Mac OS X 10_11_2) AppleWebKit/537.36 (KHTML, like Gecko) Chrome/47.0.2526.106 Safari/537.36"
::1 - - [27/Dec/2015:07:18:16 +0000] "GET /support/data/level.json HTTP/1.1" 500 1516 "http://localhost:3000/support/game.html" "Mozilla/5.0 (Macintosh; Intel Mac OS X 10_11_2) AppleWebKit/537.36 (KHTML, like Gecko) Chrome/47.0.2526.106 Safari/537.36"
::1 - - [27/Dec/2015:07:18:16 +0000] "GET /support/images/sprites.png HTTP/1.1" 500 1516 "http://localhost:3000/support/game.html" "Mozilla/5.0 (Macintosh; Intel Mac OS X 10_11_2) AppleWebKit/537.36 (KHTML, like Gecko) Chrome/47.0.2526.106 Safari/537.36"
::1 - - [27/Dec/2015:07:18:16 +0000] "GET /support/images/tiles.png HTTP/1.1" 500 1516 "http://localhost:3000/support/game.html" "Mozilla/5.0 (Macintosh; Intel Mac OS X 10_11_2) AppleWebKit/537.36 (KHTML, like Gecko) Chrome/47.0.2526.106 Safari/537.36"
::1 - - [27/Dec/2015:07:18:49 +0000] "GET / HTTP/1.1" 304 - "-" "Mozilla/5.0 (Macintosh; Intel Mac OS X 10_11_2) AppleWebKit/537.36 (KHTML, like Gecko) Chrome/47.0.2526.106 Safari/537.36"
::1 - - [27/Dec/2015:07:18:49 +0000] "GET /data/sprites.json HTTP/1.1" 500 1516 "http://localhost:3000/" "Mozilla/5.0 (Macintosh; Intel Mac OS X 10_11_2) AppleWebKit/537.36 (KHTML, like Gecko) Chrome/47.0.2526.106 Safari/537.36"
::1 - - [27/Dec/2015:07:18:49 +0000] "GET /data/level.json HTTP/1.1" 500 1516 "http://localhost:3000/" "Mozilla/5.0 (Macintosh; Intel Mac OS X 10_11_2) AppleWebKit/537.36 (KHTML, like Gecko) Chrome/47.0.2526.106 Safari/537.36"
::1 - - [27/Dec/2015:07:18:49 +0000] "GET /support/images/sprites.png HTTP/1.1" 500 1516 "http://localhost:3000/support/game.html" "Mozilla/5.0 (Macintosh; Intel Mac OS X 10_11_2) AppleWebKit/537.36 (KHTML, like Gecko) Chrome/47.0.2526.106 Safari/537.36"
::1 - - [27/Dec/2015:07:18:49 +0000] "GET /support/images/tiles.png HTTP/1.1" 500 1516 "http://localhost:3000/support/game.html" "Mozilla/5.0 (Macintosh; Intel Mac OS X 10_11_2) AppleWebKit/537.36 (KHTML, like Gecko) Chrome/47.0.2526.106 Safari/537.36"
::1 - - [27/Dec/2015:07:19:34 +0000] "GET / HTTP/1.1" 304 - "-" "Mozilla/5.0 (Macintosh; Intel Mac OS X 10_11_2) AppleWebKit/537.36 (KHTML, like Gecko) Chrome/47.0.2526.106 Safari/537.36"
::1 - - [27/Dec/2015:07:19:35 +0000] "GET /support/images/sprites.png HTTP/1.1" 500 1516 "http://localhost:3000/support/game.html" "Mozilla/5.0 (Macintosh; Intel Mac OS X 10_11_2) AppleWebKit/537.36 (KHTML, like Gecko) Chrome/47.0.2526.106 Safari/537.36"
::1 - - [27/Dec/2015:07:19:35 +0000] "GET /support/images/tiles.png HTTP/1.1" 500 1516 "http://localhost:3000/support/game.html" "Mozilla/5.0 (Macintosh; Intel Mac OS X 10_11_2) AppleWebKit/537.36 (KHTML, like Gecko) Chrome/47.0.2526.106 Safari/537.36"
::1 - - [27/Dec/2015:07:20:46 +0000] "GET / HTTP/1.1" 304 - "-" "Mozilla/5.0 (Macintosh; Intel Mac OS X 10_11_2) AppleWebKit/537.36 (KHTML, like Gecko) Chrome/47.0.2526.106 Safari/537.36"
::1 - - [27/Dec/2015:07:20:46 +0000] "GET /support/game.html HTTP/1.1" 500 1516 "http://localhost:3000/" "Mozilla/5.0 (Macintosh; Intel Mac OS X 10_11_2) AppleWebKit/537.36 (KHTML, like Gecko) Chrome/47.0.2526.106 Safari/537.36"
::1 - - [27/Dec/2015:07:21:12 +0000] "GET / HTTP/1.1" 200 5531 "-" "Mozilla/5.0 (Macintosh; Intel Mac OS X 10_11_2) AppleWebKit/537.36 (KHTML, like Gecko) Chrome/47.0.2526.106 Safari/537.36"
::1 - - [27/Dec/2015:07:22:34 +0000] "GET / HTTP/1.1" 200 1529 "-" "Mozilla/5.0 (Macintosh; Intel Mac OS X 10_11_2) AppleWebKit/537.36 (KHTML, like Gecko) Chrome/47.0.2526.106 Safari/537.36"
::1 - - [27/Dec/2015:07:24:34 +0000] "GET / HTTP/1.1" 304 - "-" "Mozilla/5.0 (Macintosh; Intel Mac OS X 10_11_2) AppleWebKit/537.36 (KHTML, like Gecko) Chrome/47.0.2526.106 Safari/537.36"
::1 - - [27/Dec/2015:07:27:08 +0000] "GET / HTTP/1.1" 200 1578 "-" "Mozilla/5.0 (Macintosh; Intel Mac OS X 10_11_2) AppleWebKit/537.36 (KHTML, like Gecko) Chrome/47.0.2526.106 Safari/537.36"
::1 - - [27/Dec/2015:07:27:34 +0000] "GET / HTTP/1.1" 304 - "-" "Mozilla/5.0 (Macintosh; Intel Mac OS X 10_11_2) AppleWebKit/537.36 (KHTML, like Gecko) Chrome/47.0.2526.106 Safari/537.36"
::1 - - [27/Dec/2015:07:27:44 +0000] "GET / HTTP/1.1" 304 - "-" "Mozilla/5.0 (Macintosh; Intel Mac OS X 10_11_2) AppleWebKit/537.36 (KHTML, like Gecko) Chrome/47.0.2526.106 Safari/537.36"
::1 - - [30/Dec/2015:17:02:52 +0000] "GET / HTTP/1.1" 200 1585 "-" "Mozilla/5.0 (Macintosh; Intel Mac OS X 10_11_2) AppleWebKit/537.36 (KHTML, like Gecko) Chrome/47.0.2526.106 Safari/537.36"
::1 - - [31/Dec/2015:05:08:11 +0000] "GET / HTTP/1.1" 304 - "-" "Mozilla/5.0 (Macintosh; Intel Mac OS X 10_11_2) AppleWebKit/537.36 (KHTML, like Gecko) Chrome/47.0.2526.106 Safari/537.36"
::1 - - [31/Dec/2015:05:08:54 +0000] "GET / HTTP/1.1" 304 - "-" "Mozilla/5.0 (Macintosh; Intel Mac OS X 10_11_2) AppleWebKit/537.36 (KHTML, like Gecko) Chrome/47.0.2526.106 Safari/537.36"
::1 - - [31/Dec/2015:05:09:54 +0000] "GET / HTTP/1.1" 304 - "-" "Mozilla/5.0 (Macintosh; Intel Mac OS X 10_11_2) AppleWebKit/537.36 (KHTML, like Gecko) Chrome/47.0.2526.106 Safari/537.36"
::1 - - [31/Dec/2015:05:10:50 +0000] "GET / HTTP/1.1" 304 - "-" "Mozilla/5.0 (Macintosh; Intel Mac OS X 10_11_2) AppleWebKit/537.36 (KHTML, like Gecko) Chrome/47.0.2526.106 Safari/537.36"
::1 - - [31/Dec/2015:05:10:54 +0000] "GET / HTTP/1.1" 304 - "-" "Mozilla/5.0 (Macintosh; Intel Mac OS X 10_11_2) AppleWebKit/537.36 (KHTML, like Gecko) Chrome/47.0.2526.106 Safari/537.36"
::1 - - [31/Dec/2015:05:11:42 +0000] "GET / HTTP/1.1" 304 - "-" "Mozilla/5.0 (Macintosh; Intel Mac OS X 10_11_2) AppleWebKit/537.36 (KHTML, like Gecko) Chrome/47.0.2526.106 Safari/537.36"
::1 - - [31/Dec/2015:05:14:57 +0000] "GET / HTTP/1.1" 304 - "-" "Mozilla/5.0 (Macintosh; Intel Mac OS X 10_11_2) AppleWebKit/537.36 (KHTML, like Gecko) Chrome/47.0.2526.106 Safari/537.36"
::1 - - [31/Dec/2015:05:20:36 +0000] "GET / HTTP/1.1" 304 - "-" "Mozilla/5.0 (Macintosh; Intel Mac OS X 10_11_2) AppleWebKit/537.36 (KHTML, like Gecko) Chrome/47.0.2526.106 Safari/537.36"
::1 - - [31/Dec/2015:05:24:07 +0000] "GET / HTTP/1.1" 304 - "-" "Mozilla/5.0 (Macintosh; Intel Mac OS X 10_11_2) AppleWebKit/537.36 (KHTML, like Gecko) Chrome/47.0.2526.106 Safari/537.36"
::1 - - [31/Dec/2015:05:27:09 +0000] "GET / HTTP/1.1" 200 1688 "-" "Mozilla/5.0 (Macintosh; Intel Mac OS X 10_11_2) AppleWebKit/537.36 (KHTML, like Gecko) Chrome/47.0.2526.106 Safari/537.36"
::1 - - [31/Dec/2015:14:52:38 +0000] "GET / HTTP/1.1" 200 4971 "-" "Mozilla/5.0 (Macintosh; Intel Mac OS X 10_11_2) AppleWebKit/537.36 (KHTML, like Gecko) Chrome/47.0.2526.106 Safari/537.36"
::1 - - [31/Dec/2015:14:52:39 +0000] "GET /images/bg.jpg HTTP/1.1" 500 1549 "http://localhost:3000/css/style.css" "Mozilla/5.0 (Macintosh; Intel Mac OS X 10_11_2) AppleWebKit/537.36 (KHTML, like Gecko) Chrome/47.0.2526.106 Safari/537.36"
::1 - - [31/Dec/2015:14:53:08 +0000] "GET / HTTP/1.1" 304 - "-" "Mozilla/5.0 (Macintosh; Intel Mac OS X 10_11_2) AppleWebKit/537.36 (KHTML, like Gecko) Chrome/47.0.2526.106 Safari/537.36"
::1 - - [31/Dec/2015:14:53:32 +0000] "GET / HTTP/1.1" 304 - "-" "Mozilla/5.0 (Macintosh; Intel Mac OS X 10_11_2) AppleWebKit/537.36 (KHTML, like Gecko) Chrome/47.0.2526.106 Safari/537.36"
::1 - - [31/Dec/2015:14:54:35 +0000] "GET / HTTP/1.1" 304 - "-" "Mozilla/5.0 (Macintosh; Intel Mac OS X 10_11_2) AppleWebKit/537.36 (KHTML, like Gecko) Chrome/47.0.2526.106 Safari/537.36"
::1 - - [31/Dec/2015:15:05:00 +0000] "GET / HTTP/1.1" 200 4965 "-" "Mozilla/5.0 (Macintosh; Intel Mac OS X 10_11_2) AppleWebKit/537.36 (KHTML, like Gecko) Chrome/47.0.2526.106 Safari/537.36"
::1 - - [31/Dec/2015:15:05:10 +0000] "GET /records/queryThree HTTP/1.1" 200 33 "-" "Mozilla/5.0 (Macintosh; Intel Mac OS X 10_11_2) AppleWebKit/537.36 (KHTML, like Gecko) Chrome/47.0.2526.106 Safari/537.36"
::1 - - [31/Dec/2015:15:06:32 +0000] "GET / HTTP/1.1" 304 - "-" "Mozilla/5.0 (Macintosh; Intel Mac OS X 10_11_2) AppleWebKit/537.36 (KHTML, like Gecko) Chrome/47.0.2526.106 Safari/537.36"
::1 - - [31/Dec/2015:15:06:39 +0000] "GET /records/queryThree HTTP/1.1" 304 - "-" "Mozilla/5.0 (Macintosh; Intel Mac OS X 10_11_2) AppleWebKit/537.36 (KHTML, like Gecko) Chrome/47.0.2526.106 Safari/537.36"
::1 - - [31/Dec/2015:15:06:44 +0000] "GET /records/queryThree HTTP/1.1" 304 - "-" "Mozilla/5.0 (Macintosh; Intel Mac OS X 10_11_2) AppleWebKit/537.36 (KHTML, like Gecko) Chrome/47.0.2526.106 Safari/537.36"
::1 - - [31/Dec/2015:15:06:56 +0000] "GET /records/addRecord?record=111&username=abc HTTP/1.1" 200 33 "-" "Mozilla/5.0 (Macintosh; Intel Mac OS X 10_11_2) AppleWebKit/537.36 (KHTML, like Gecko) Chrome/47.0.2526.106 Safari/537.36"
::1 - - [31/Dec/2015:15:08:43 +0000] "GET / HTTP/1.1" 304 - "-" "Mozilla/5.0 (Macintosh; Intel Mac OS X 10_11_2) AppleWebKit/537.36 (KHTML, like Gecko) Chrome/47.0.2526.106 Safari/537.36"
::1 - - [31/Dec/2015:15:08:48 +0000] "GET /records/queryThree HTTP/1.1" 200 94 "-" "Mozilla/5.0 (Macintosh; Intel Mac OS X 10_11_2) AppleWebKit/537.36 (KHTML, like Gecko) Chrome/47.0.2526.106 Safari/537.36"
::1 - - [31/Dec/2015:15:29:25 +0000] "GET / HTTP/1.1" 200 4707 "-" "Mozilla/5.0 (Macintosh; Intel Mac OS X 10_11_2) AppleWebKit/537.36 (KHTML, like Gecko) Chrome/47.0.2526.106 Safari/537.36"
::1 - - [31/Dec/2015:15:30:42 +0000] "GET / HTTP/1.1" 200 4709 "-" "Mozilla/5.0 (Macintosh; Intel Mac OS X 10_11_2) AppleWebKit/537.36 (KHTML, like Gecko) Chrome/47.0.2526.106 Safari/537.36"
::1 - - [31/Dec/2015:15:37:36 +0000] "GET /records/queryThree HTTP/1.1" 304 - "-" "Mozilla/5.0 (Macintosh; Intel Mac OS X 10_11_2) AppleWebKit/537.36 (KHTML, like Gecko) Chrome/47.0.2526.106 Safari/537.36"
::1 - - [31/Dec/2015:15:38:06 +0000] "GET / HTTP/1.1" 200 4775 "-" "Mozilla/5.0 (Macintosh; Intel Mac OS X 10_11_2) AppleWebKit/537.36 (KHTML, like Gecko) Chrome/47.0.2526.106 Safari/537.36"
::1 - - [31/Dec/2015:15:46:57 +0000] "GET /records/queryThree HTTP/1.1" 304 - "-" "Mozilla/5.0 (Macintosh; Intel Mac OS X 10_11_2) AppleWebKit/537.36 (KHTML, like Gecko) Chrome/47.0.2526.106 Safari/537.36"
::1 - - [31/Dec/2015:15:49:55 +0000] "GET / HTTP/1.1" 200 4791 "-" "Mozilla/5.0 (Macintosh; Intel Mac OS X 10_11_2) AppleWebKit/537.36 (KHTML, like Gecko) Chrome/47.0.2526.106 Safari/537.36"
::1 - - [31/Dec/2015:15:53:03 +0000] "GET / HTTP/1.1" 200 4779 "-" "Mozilla/5.0 (Macintosh; Intel Mac OS X 10_11_2) AppleWebKit/537.36 (KHTML, like Gecko) Chrome/47.0.2526.106 Safari/537.36"
::1 - - [31/Dec/2015:15:53:07 +0000] "GET /records/queryThree HTTP/1.1" 304 - "http://localhost:3000/" "Mozilla/5.0 (Macintosh; Intel Mac OS X 10_11_2) AppleWebKit/537.36 (KHTML, like Gecko) Chrome/47.0.2526.106 Safari/537.36"
::1 - - [31/Dec/2015:15:53:11 +0000] "GET /records/queryThree HTTP/1.1" 304 - "http://localhost:3000/" "Mozilla/5.0 (Macintosh; Intel Mac OS X 10_11_2) AppleWebKit/537.36 (KHTML, like Gecko) Chrome/47.0.2526.106 Safari/537.36"
::1 - - [31/Dec/2015:15:53:14 +0000] "GET /records/queryThree HTTP/1.1" 304 - "http://localhost:3000/" "Mozilla/5.0 (Macintosh; Intel Mac OS X 10_11_2) AppleWebKit/537.36 (KHTML, like Gecko) Chrome/47.0.2526.106 Safari/537.36"
::1 - - [31/Dec/2015:15:53:31 +0000] "GET /records/queryThree HTTP/1.1" 304 - "http://localhost:3000/" "Mozilla/5.0 (Macintosh; Intel Mac OS X 10_11_2) AppleWebKit/537.36 (KHTML, like Gecko) Chrome/47.0.2526.106 Safari/537.36"
::1 - - [31/Dec/2015:15:54:07 +0000] "GET / HTTP/1.1" 200 4116 "-" "Mozilla/5.0 (Macintosh; Intel Mac OS X 10_11_2) AppleWebKit/537.36 (KHTML, like Gecko) Chrome/47.0.2526.106 Safari/537.36"
::1 - - [31/Dec/2015:15:54:12 +0000] "GET /records/queryThree HTTP/1.1" 304 - "http://localhost:3000/" "Mozilla/5.0 (Macintosh; Intel Mac OS X 10_11_2) AppleWebKit/537.36 (KHTML, like Gecko) Chrome/47.0.2526.106 Safari/537.36"
::1 - - [31/Dec/2015:15:54:40 +0000] "GET / HTTP/1.1" 200 4293 "-" "Mozilla/5.0 (Macintosh; Intel Mac OS X 10_11_2) AppleWebKit/537.36 (KHTML, like Gecko) Chrome/47.0.2526.106 Safari/537.36"
::1 - - [31/Dec/2015:15:54:44 +0000] "GET /records/queryThree HTTP/1.1" 304 - "http://localhost:3000/" "Mozilla/5.0 (Macintosh; Intel Mac OS X 10_11_2) AppleWebKit/537.36 (KHTML, like Gecko) Chrome/47.0.2526.106 Safari/537.36"
::1 - - [31/Dec/2015:15:54:46 +0000] "GET /records/queryThree HTTP/1.1" 304 - "http://localhost:3000/" "Mozilla/5.0 (Macintosh; Intel Mac OS X 10_11_2) AppleWebKit/537.36 (KHTML, like Gecko) Chrome/47.0.2526.106 Safari/537.36"
::1 - - [31/Dec/2015:15:57:02 +0000] "GET / HTTP/1.1" 200 4263 "-" "Mozilla/5.0 (Macintosh; Intel Mac OS X 10_11_2) AppleWebKit/537.36 (KHTML, like Gecko) Chrome/47.0.2526.106 Safari/537.36"
::1 - - [31/Dec/2015:15:57:02 +0000] "GET /records/queryThree HTTP/1.1" 304 - "http://localhost:3000/" "Mozilla/5.0 (Macintosh; Intel Mac OS X 10_11_2) AppleWebKit/537.36 (KHTML, like Gecko) Chrome/47.0.2526.106 Safari/537.36"
::1 - - [31/Dec/2015:15:58:48 +0000] "GET / HTTP/1.1" 200 4259 "-" "Mozilla/5.0 (Macintosh; Intel Mac OS X 10_11_2) AppleWebKit/537.36 (KHTML, like Gecko) Chrome/47.0.2526.106 Safari/537.36"
::1 - - [31/Dec/2015:15:59:18 +0000] "GET /records/queryThree HTTP/1.1" 304 - "http://localhost:3000/" "Mozilla/5.0 (Macintosh; Intel Mac OS X 10_11_2) AppleWebKit/537.36 (KHTML, like Gecko) Chrome/47.0.2526.106 Safari/537.36"
::1 - - [31/Dec/2015:15:59:20 +0000] "GET /records/queryThree HTTP/1.1" 304 - "http://localhost:3000/" "Mozilla/5.0 (Macintosh; Intel Mac OS X 10_11_2) AppleWebKit/537.36 (KHTML, like Gecko) Chrome/47.0.2526.106 Safari/537.36"
::1 - - [31/Dec/2015:15:59:22 +0000] "GET /records/queryThree HTTP/1.1" 304 - "http://localhost:3000/" "Mozilla/5.0 (Macintosh; Intel Mac OS X 10_11_2) AppleWebKit/537.36 (KHTML, like Gecko) Chrome/47.0.2526.106 Safari/537.36"
::1 - - [31/Dec/2015:16:00:12 +0000] "GET / HTTP/1.1" 200 4259 "-" "Mozilla/5.0 (Macintosh; Intel Mac OS X 10_11_2) AppleWebKit/537.36 (KHTML, like Gecko) Chrome/47.0.2526.106 Safari/537.36"
::1 - - [31/Dec/2015:16:00:17 +0000] "GET /records/queryThree HTTP/1.1" 304 - "http://localhost:3000/" "Mozilla/5.0 (Macintosh; Intel Mac OS X 10_11_2) AppleWebKit/537.36 (KHTML, like Gecko) Chrome/47.0.2526.106 Safari/537.36"
::1 - - [31/Dec/2015:16:00:29 +0000] "GET /records/queryThree HTTP/1.1" 304 - "http://localhost:3000/" "Mozilla/5.0 (Macintosh; Intel Mac OS X 10_11_2) AppleWebKit/537.36 (KHTML, like Gecko) Chrome/47.0.2526.106 Safari/537.36"
::1 - - [31/Dec/2015:16:01:37 +0000] "GET /records/queryThree HTTP/1.1" 304 - "http://localhost:3000/" "Mozilla/5.0 (Macintosh; Intel Mac OS X 10_11_2) AppleWebKit/537.36 (KHTML, like Gecko) Chrome/47.0.2526.106 Safari/537.36"
::1 - - [31/Dec/2015:16:06:52 +0000] "GET / HTTP/1.1" 200 4395 "-" "Mozilla/5.0 (Macintosh; Intel Mac OS X 10_11_2) AppleWebKit/537.36 (KHTML, like Gecko) Chrome/47.0.2526.106 Safari/537.36"
::1 - - [31/Dec/2015:16:07:28 +0000] "GET / HTTP/1.1" 200 4401 "-" "Mozilla/5.0 (Macintosh; Intel Mac OS X 10_11_2) AppleWebKit/537.36 (KHTML, like Gecko) Chrome/47.0.2526.106 Safari/537.36"
::1 - - [31/Dec/2015:16:07:31 +0000] "GET /records/queryThree HTTP/1.1" 304 - "http://localhost:3000/" "Mozilla/5.0 (Macintosh; Intel Mac OS X 10_11_2) AppleWebKit/537.36 (KHTML, like Gecko) Chrome/47.0.2526.106 Safari/537.36"
::1 - - [31/Dec/2015:16:07:33 +0000] "GET /records/queryThree HTTP/1.1" 304 - "http://localhost:3000/" "Mozilla/5.0 (Macintosh; Intel Mac OS X 10_11_2) AppleWebKit/537.36 (KHTML, like Gecko) Chrome/47.0.2526.106 Safari/537.36"
::1 - - [31/Dec/2015:16:09:01 +0000] "GET / HTTP/1.1" 304 - "-" "Mozilla/5.0 (Macintosh; Intel Mac OS X 10_11_2) AppleWebKit/537.36 (KHTML, like Gecko) Chrome/47.0.2526.106 Safari/537.36"
::1 - - [31/Dec/2015:16:09:05 +0000] "GET /records/queryThree HTTP/1.1" 304 - "http://localhost:3000/" "Mozilla/5.0 (Macintosh; Intel Mac OS X 10_11_2) AppleWebKit/537.36 (KHTML, like Gecko) Chrome/47.0.2526.106 Safari/537.36"
::1 - - [31/Dec/2015:16:09:38 +0000] "GET / HTTP/1.1" 304 - "-" "Mozilla/5.0 (Macintosh; Intel Mac OS X 10_11_2) AppleWebKit/537.36 (KHTML, like Gecko) Chrome/47.0.2526.106 Safari/537.36"
::1 - - [31/Dec/2015:16:09:40 +0000] "GET /records/queryThree HTTP/1.1" 304 - "http://localhost:3000/" "Mozilla/5.0 (Macintosh; Intel Mac OS X 10_11_2) AppleWebKit/537.36 (KHTML, like Gecko) Chrome/47.0.2526.106 Safari/537.36"
::1 - - [31/Dec/2015:16:10:42 +0000] "GET / HTTP/1.1" 200 4394 "-" "Mozilla/5.0 (Macintosh; Intel Mac OS X 10_11_2) AppleWebKit/537.36 (KHTML, like Gecko) Chrome/47.0.2526.106 Safari/537.36"
::1 - - [31/Dec/2015:16:11:21 +0000] "GET / HTTP/1.1" 200 4400 "-" "Mozilla/5.0 (Macintosh; Intel Mac OS X 10_11_2) AppleWebKit/537.36 (KHTML, like Gecko) Chrome/47.0.2526.106 Safari/537.36"
::1 - - [31/Dec/2015:16:11:24 +0000] "GET /records/queryThree HTTP/1.1" 304 - "http://localhost:3000/" "Mozilla/5.0 (Macintosh; Intel Mac OS X 10_11_2) AppleWebKit/537.36 (KHTML, like Gecko) Chrome/47.0.2526.106 Safari/537.36"
::1 - - [31/Dec/2015:16:20:15 +0000] "GET / HTTP/1.1" 200 5995 "-" "Mozilla/5.0 (Macintosh; Intel Mac OS X 10_11_2) AppleWebKit/537.36 (KHTML, like Gecko) Chrome/47.0.2526.106 Safari/537.36"
::1 - - [31/Dec/2015:16:21:30 +0000] "GET / HTTP/1.1" 200 5990 "-" "Mozilla/5.0 (Macintosh; Intel Mac OS X 10_11_2) AppleWebKit/537.36 (KHTML, like Gecko) Chrome/47.0.2526.106 Safari/537.36"
::1 - - [31/Dec/2015:16:22:35 +0000] "GET / HTTP/1.1" 200 5996 "-" "Mozilla/5.0 (Macintosh; Intel Mac OS X 10_11_2) AppleWebKit/537.36 (KHTML, like Gecko) Chrome/47.0.2526.106 Safari/537.36"
::1 - - [31/Dec/2015:16:23:58 +0000] "GET / HTTP/1.1" 200 6119 "-" "Mozilla/5.0 (Macintosh; Intel Mac OS X 10_11_2) AppleWebKit/537.36 (KHTML, like Gecko) Chrome/47.0.2526.106 Safari/537.36"
::1 - - [31/Dec/2015:16:24:41 +0000] "GET / HTTP/1.1" 200 6136 "-" "Mozilla/5.0 (Macintosh; Intel Mac OS X 10_11_2) AppleWebKit/537.36 (KHTML, like Gecko) Chrome/47.0.2526.106 Safari/537.36"
::1 - - [31/Dec/2015:16:26:33 +0000] "GET / HTTP/1.1" 304 - "-" "Mozilla/5.0 (Macintosh; Intel Mac OS X 10_11_2) AppleWebKit/537.36 (KHTML, like Gecko) Chrome/47.0.2526.106 Safari/537.36"
::1 - - [31/Dec/2015:16:45:59 +0000] "GET / HTTP/1.1" 200 7545 "-" "Mozilla/5.0 (Macintosh; Intel Mac OS X 10_11_2) AppleWebKit/537.36 (KHTML, like Gecko) Chrome/47.0.2526.106 Safari/537.36"
::1 - - [31/Dec/2015:16:46:03 +0000] "GET /queryThree/ HTTP/1.1" 500 1549 "http://localhost:3000/" "Mozilla/5.0 (Macintosh; Intel Mac OS X 10_11_2) AppleWebKit/537.36 (KHTML, like Gecko) Chrome/47.0.2526.106 Safari/537.36"
::1 - - [31/Dec/2015:16:46:23 +0000] "GET / HTTP/1.1" 200 7554 "-" "Mozilla/5.0 (Macintosh; Intel Mac OS X 10_11_2) AppleWebKit/537.36 (KHTML, like Gecko) Chrome/47.0.2526.106 Safari/537.36"
::1 - - [31/Dec/2015:16:46:25 +0000] "GET //records/queryThree/ HTTP/1.1" 500 1549 "http://localhost:3000/" "Mozilla/5.0 (Macintosh; Intel Mac OS X 10_11_2) AppleWebKit/537.36 (KHTML, like Gecko) Chrome/47.0.2526.106 Safari/537.36"
::1 - - [31/Dec/2015:16:46:39 +0000] "GET / HTTP/1.1" 200 7553 "-" "Mozilla/5.0 (Macintosh; Intel Mac OS X 10_11_2) AppleWebKit/537.36 (KHTML, like Gecko) Chrome/47.0.2526.106 Safari/537.36"
::1 - - [31/Dec/2015:16:46:42 +0000] "GET /records/queryThree/ HTTP/1.1" 200 94 "http://localhost:3000/" "Mozilla/5.0 (Macintosh; Intel Mac OS X 10_11_2) AppleWebKit/537.36 (KHTML, like Gecko) Chrome/47.0.2526.106 Safari/537.36"
::1 - - [31/Dec/2015:16:47:44 +0000] "GET / HTTP/1.1" 200 7477 "-" "Mozilla/5.0 (Macintosh; Intel Mac OS X 10_11_2) AppleWebKit/537.36 (KHTML, like Gecko) Chrome/47.0.2526.106 Safari/537.36"
::1 - - [31/Dec/2015:16:47:46 +0000] "GET /records/queryThree/ HTTP/1.1" 304 - "http://localhost:3000/" "Mozilla/5.0 (Macintosh; Intel Mac OS X 10_11_2) AppleWebKit/537.36 (KHTML, like Gecko) Chrome/47.0.2526.106 Safari/537.36"
::1 - - [31/Dec/2015:16:47:51 +0000] "GET /records/queryThree/ HTTP/1.1" 304 - "http://localhost:3000/" "Mozilla/5.0 (Macintosh; Intel Mac OS X 10_11_2) AppleWebKit/537.36 (KHTML, like Gecko) Chrome/47.0.2526.106 Safari/537.36"
::1 - - [31/Dec/2015:16:47:53 +0000] "GET /records/queryThree/ HTTP/1.1" 304 - "http://localhost:3000/" "Mozilla/5.0 (Macintosh; Intel Mac OS X 10_11_2) AppleWebKit/537.36 (KHTML, like Gecko) Chrome/47.0.2526.106 Safari/537.36"
::1 - - [31/Dec/2015:16:48:05 +0000] "GET / HTTP/1.1" 200 5314 "-" "Mozilla/5.0 (Macintosh; Intel Mac OS X 10_11_2) AppleWebKit/537.36 (KHTML, like Gecko) Chrome/47.0.2526.106 Safari/537.36"
::1 - - [31/Dec/2015:16:48:07 +0000] "GET /records/queryThree/ HTTP/1.1" 304 - "http://localhost:3000/" "Mozilla/5.0 (Macintosh; Intel Mac OS X 10_11_2) AppleWebKit/537.36 (KHTML, like Gecko) Chrome/47.0.2526.106 Safari/537.36"
::1 - - [31/Dec/2015:16:51:30 +0000] "GET /records/queryThree/ HTTP/1.1" 304 - "http://localhost:3000/" "Mozilla/5.0 (Macintosh; Intel Mac OS X 10_11_2) AppleWebKit/537.36 (KHTML, like Gecko) Chrome/47.0.2526.106 Safari/537.36"
::1 - - [31/Dec/2015:16:51:58 +0000] "GET /records/queryThree/ HTTP/1.1" 200 93 "http://localhost:3000/" "Mozilla/5.0 (Macintosh; Intel Mac OS X 10_11_2) AppleWebKit/537.36 (KHTML, like Gecko) Chrome/47.0.2526.106 Safari/537.36"
::1 - - [31/Dec/2015:16:52:01 +0000] "GET /records/queryThree/ HTTP/1.1" 304 - "http://localhost:3000/" "Mozilla/5.0 (Macintosh; Intel Mac OS X 10_11_2) AppleWebKit/537.36 (KHTML, like Gecko) Chrome/47.0.2526.106 Safari/537.36"
